This is pdfTeX, Version 3.14159265-2.6-1.40.20 (TeX Live 2019/Debian) (preloaded format=pdflatex 2020.5.25)  5 DEC 2020 07:28
entering extended mode
 restricted \write18 enabled.
 %&-line parsing enabled.
**5-input_files_formats.tex
(./5-input_files_formats.tex
LaTeX2e <2020-02-02> patch level 2
L3 programming layer <2020-02-14>
! Undefined control sequence.
l.1 \section
            *{–§–æ—Ä–º–∞—Ç—ã –≤—Ö–æ–¥–Ω—ã—Ö –∏ –≤—ã—Ö–æ–¥–Ω—ã—Ö —Ñ–∞–π–ª–æ–≤}
The control sequence at the end of the top line
of your error message was never \def'ed. If you have
misspelled it (e.g., `\hobx'), type `I' and the correct
spelling (e.g., `I\hbox'). Otherwise just continue,
and I'll forget about whatever was undefined.


! LaTeX Error: Missing \begin{document}.

See the LaTeX manual or LaTeX Companion for explanation.
Type  H <return>  for immediate help.
 ...                                              
                                                  
l.1 \section*
             {–§–æ—Ä–º–∞—Ç—ã –≤—Ö–æ–¥–Ω—ã—Ö –∏ –≤—ã—Ö–æ–¥–Ω—ã—Ö —Ñ–∞–π–ª–æ–≤}
You're in trouble here.  Try typing  <return>  to proceed.
If that doesn't work, type  X <return>  to quit.

Missing character: There is no * in font nullfont!

! Package inputenc Error: Unicode character –§ (U+0424)
(inputenc)                not set up for use with LaTeX.

See the inputenc package documentation for explanation.
Type  H <return>  for immediate help.
 ...                                              
                                                  
l.1 \section*{–§
                –æ—Ä–º–∞—Ç—ã –≤—Ö–æ–¥–Ω—ã—Ö –∏ –≤—ã—Ö–æ–¥–Ω—ã—Ö —Ñ–∞–π–ª–æ–≤}
You may provide a definition with
\DeclareUnicodeCharacter 


! Package inputenc Error: Unicode character –æ (U+043E)
(inputenc)                not set up for use with LaTeX.

See the inputenc package documentation for explanation.
Type  H <return>  for immediate help.
 ...                                              
                                                  
l.1 \section*{–§–æ
                  —Ä–º–∞—Ç—ã –≤—Ö–æ–¥–Ω—ã—Ö –∏ –≤—ã—Ö–æ–¥–Ω—ã—Ö —Ñ–∞–π–ª–æ–≤}
You may provide a definition with
\DeclareUnicodeCharacter 


! Package inputenc Error: Unicode character —Ä (U+0440)
(inputenc)                not set up for use with LaTeX.

See the inputenc package documentation for explanation.
Type  H <return>  for immediate help.
 ...                                              
                                                  
l.1 \section*{–§–æ—Ä
                    –º–∞—Ç—ã –≤—Ö–æ–¥–Ω—ã—Ö –∏ –≤—ã—Ö–æ–¥–Ω—ã—Ö —Ñ–∞–π–ª–æ–≤}
You may provide a definition with
\DeclareUnicodeCharacter 


! Package inputenc Error: Unicode character –º (U+043C)
(inputenc)                not set up for use with LaTeX.

See the inputenc package documentation for explanation.
Type  H <return>  for immediate help.
 ...                                              
                                                  
l.1 \section*{–§–æ—Ä–º
                      –∞—Ç—ã –≤—Ö–æ–¥–Ω—ã—Ö –∏ –≤—ã—Ö–æ–¥–Ω—ã—Ö —Ñ–∞–π–ª–æ–≤}
You may provide a definition with
\DeclareUnicodeCharacter 


! Package inputenc Error: Unicode character –∞ (U+0430)
(inputenc)                not set up for use with LaTeX.

See the inputenc package documentation for explanation.
Type  H <return>  for immediate help.
 ...                                              
                                                  
l.1 \section*{–§–æ—Ä–º–∞
                        —Ç—ã –≤—Ö–æ–¥–Ω—ã—Ö –∏ –≤—ã—Ö–æ–¥–Ω—ã—Ö —Ñ–∞–π–ª–æ–≤}
You may provide a definition with
\DeclareUnicodeCharacter 


! Package inputenc Error: Unicode character —Ç (U+0442)
(inputenc)                not set up for use with LaTeX.

See the inputenc package documentation for explanation.
Type  H <return>  for immediate help.
 ...                                              
                                                  
l.1 \section*{–§–æ—Ä–º–∞—Ç
                          —ã –≤—Ö–æ–¥–Ω—ã—Ö –∏ –≤—ã—Ö–æ–¥–Ω—ã—Ö —Ñ–∞–π–ª–æ–≤}
You may provide a definition with
\DeclareUnicodeCharacter 


! Package inputenc Error: Unicode character —ã (U+044B)
(inputenc)                not set up for use with LaTeX.

See the inputenc package documentation for explanation.
Type  H <return>  for immediate help.
 ...                                              
                                                  
l.1 \section*{–§–æ—Ä–º–∞—Ç—ã
                             –≤—Ö–æ–¥–Ω—ã—Ö –∏ –≤—ã—Ö–æ–¥–Ω—ã—Ö —Ñ–∞–π–ª–æ–≤}
You may provide a definition with
\DeclareUnicodeCharacter 


! Package inputenc Error: Unicode character –≤ (U+0432)
(inputenc)                not set up for use with LaTeX.

See the inputenc package documentation for explanation.
Type  H <return>  for immediate help.
 ...                                              
                                                  
l.1 \section*{–§–æ—Ä–º–∞—Ç—ã –≤
                               —Ö–æ–¥–Ω—ã—Ö –∏ –≤—ã—Ö–æ–¥–Ω—ã—Ö —Ñ–∞–π–ª–æ–≤}
You may provide a definition with
\DeclareUnicodeCharacter 


! Package inputenc Error: Unicode character —Ö (U+0445)
(inputenc)                not set up for use with LaTeX.

See the inputenc package documentation for explanation.
Type  H <return>  for immediate help.
 ...                                              
                                                  
l.1 \section*{–§–æ—Ä–º–∞—Ç—ã –≤—Ö
                                 –æ–¥–Ω—ã—Ö –∏ –≤—ã—Ö–æ–¥–Ω—ã—Ö —Ñ–∞–π–ª–æ–≤}
You may provide a definition with
\DeclareUnicodeCharacter 


! Package inputenc Error: Unicode character –æ (U+043E)
(inputenc)                not set up for use with LaTeX.

See the inputenc package documentation for explanation.
Type  H <return>  for immediate help.
 ...                                              
                                                  
l.1 \section*{–§–æ—Ä–º–∞—Ç—ã –≤—Ö–æ
                                   –¥–Ω—ã—Ö –∏ –≤—ã—Ö–æ–¥–Ω—ã—Ö —Ñ–∞–π–ª–æ–≤}
You may provide a definition with
\DeclareUnicodeCharacter 


! Package inputenc Error: Unicode character –¥ (U+0434)
(inputenc)                not set up for use with LaTeX.

See the inputenc package documentation for explanation.
Type  H <return>  for immediate help.
 ...                                              
                                                  
l.1 \section*{–§–æ—Ä–º–∞—Ç—ã –≤—Ö–æ–¥
                                     –Ω—ã—Ö –∏ –≤—ã—Ö–æ–¥–Ω—ã—Ö —Ñ–∞–π–ª–æ–≤}
You may provide a definition with
\DeclareUnicodeCharacter 


! Package inputenc Error: Unicode character –Ω (U+043D)
(inputenc)                not set up for use with LaTeX.

See the inputenc package documentation for explanation.
Type  H <return>  for immediate help.
 ...                                              
                                                  
l.1 \section*{–§–æ—Ä–º–∞—Ç—ã –≤—Ö–æ–¥–Ω
                                       —ã—Ö –∏ –≤—ã—Ö–æ–¥–Ω—ã—Ö —Ñ–∞–π–ª–æ–≤}
You may provide a definition with
\DeclareUnicodeCharacter 


! Package inputenc Error: Unicode character —ã (U+044B)
(inputenc)                not set up for use with LaTeX.

See the inputenc package documentation for explanation.
Type  H <return>  for immediate help.
 ...                                              
                                                  
l.1 \section*{–§–æ—Ä–º–∞—Ç—ã –≤—Ö–æ–¥–Ω—ã
                                         —Ö –∏ –≤—ã—Ö–æ–¥–Ω—ã—Ö —Ñ–∞–π–ª–æ–≤}
You may provide a definition with
\DeclareUnicodeCharacter 


! Package inputenc Error: Unicode character —Ö (U+0445)
(inputenc)                not set up for use with LaTeX.

See the inputenc package documentation for explanation.
Type  H <return>  for immediate help.
 ...                                              
                                                  
l.1 \section*{–§–æ—Ä–º–∞—Ç—ã –≤—Ö–æ–¥–Ω—ã—Ö
                                            –∏ –≤—ã—Ö–æ–¥–Ω—ã—Ö —Ñ–∞–π–ª–æ–≤}
You may provide a definition with
\DeclareUnicodeCharacter 


! Package inputenc Error: Unicode character –∏ (U+0438)
(inputenc)                not set up for use with LaTeX.

See the inputenc package documentation for explanation.
Type  H <return>  for immediate help.
 ...                                              
                                                  
l.1 \section*{–§–æ—Ä–º–∞—Ç—ã –≤—Ö–æ–¥–Ω—ã—Ö –∏
                                               –≤—ã—Ö–æ–¥–Ω—ã—Ö —Ñ–∞–π–ª–æ–≤}
You may provide a definition with
\DeclareUnicodeCharacter 


! Package inputenc Error: Unicode character –≤ (U+0432)
(inputenc)                not set up for use with LaTeX.

See the inputenc package documentation for explanation.
Type  H <return>  for immediate help.
 ...                                              
                                                  
l.1 \section*{–§–æ—Ä–º–∞—Ç—ã –≤—Ö–æ–¥–Ω—ã—Ö –∏ –≤
                                                 —ã—Ö–æ–¥–Ω—ã—Ö —Ñ–∞–π–ª–æ–≤}
You may provide a definition with
\DeclareUnicodeCharacter 


! Package inputenc Error: Unicode character —ã (U+044B)
(inputenc)                not set up for use with LaTeX.

See the inputenc package documentation for explanation.
Type  H <return>  for immediate help.
 ...                                              
                                                  
l.1 ...tion*{–§–æ—Ä–º–∞—Ç—ã –≤—Ö–æ–¥–Ω—ã—Ö –∏ –≤—ã
                                                  —Ö–æ–¥–Ω—ã—Ö —Ñ–∞–π–ª–æ–≤}
You may provide a definition with
\DeclareUnicodeCharacter 


! Package inputenc Error: Unicode character —Ö (U+0445)
(inputenc)                not set up for use with LaTeX.

See the inputenc package documentation for explanation.
Type  H <return>  for immediate help.
 ...                                              
                                                  
l.1 ...on*{–§–æ—Ä–º–∞—Ç—ã –≤—Ö–æ–¥–Ω—ã—Ö –∏ –≤—ã—Ö
                                                  –æ–¥–Ω—ã—Ö —Ñ–∞–π–ª–æ–≤}
You may provide a definition with
\DeclareUnicodeCharacter 


! Package inputenc Error: Unicode character –æ (U+043E)
(inputenc)                not set up for use with LaTeX.

See the inputenc package documentation for explanation.
Type  H <return>  for immediate help.
 ...                                              
                                                  
l.1 ...*{–§–æ—Ä–º–∞—Ç—ã –≤—Ö–æ–¥–Ω—ã—Ö –∏ –≤—ã—Ö–æ
                                                  –¥–Ω—ã—Ö —Ñ–∞–π–ª–æ–≤}
You may provide a definition with
\DeclareUnicodeCharacter 


! Package inputenc Error: Unicode character –¥ (U+0434)
(inputenc)                not set up for use with LaTeX.

See the inputenc package documentation for explanation.
Type  H <return>  for immediate help.
 ...                                              
                                                  
l.1 ...–§–æ—Ä–º–∞—Ç—ã –≤—Ö–æ–¥–Ω—ã—Ö –∏ –≤—ã—Ö–æ–¥
                                                  –Ω—ã—Ö —Ñ–∞–π–ª–æ–≤}
You may provide a definition with
\DeclareUnicodeCharacter 


! Package inputenc Error: Unicode character –Ω (U+043D)
(inputenc)                not set up for use with LaTeX.

See the inputenc package documentation for explanation.
Type  H <return>  for immediate help.
 ...                                              
                                                  
l.1 ...–æ—Ä–º–∞—Ç—ã –≤—Ö–æ–¥–Ω—ã—Ö –∏ –≤—ã—Ö–æ–¥–Ω
                                                  —ã—Ö —Ñ–∞–π–ª–æ–≤}
You may provide a definition with
\DeclareUnicodeCharacter 


! Package inputenc Error: Unicode character —ã (U+044B)
(inputenc)                not set up for use with LaTeX.

See the inputenc package documentation for explanation.
Type  H <return>  for immediate help.
 ...                                              
                                                  
l.1 ...—Ä–º–∞—Ç—ã –≤—Ö–æ–¥–Ω—ã—Ö –∏ –≤—ã—Ö–æ–¥–Ω—ã
                                                  —Ö —Ñ–∞–π–ª–æ–≤}
You may provide a definition with
\DeclareUnicodeCharacter 


! Package inputenc Error: Unicode character —Ö (U+0445)
(inputenc)                not set up for use with LaTeX.

See the inputenc package documentation for explanation.
Type  H <return>  for immediate help.
 ...                                              
                                                  
l.1 ...–º–∞—Ç—ã –≤—Ö–æ–¥–Ω—ã—Ö –∏ –≤—ã—Ö–æ–¥–Ω—ã—Ö
                                                   —Ñ–∞–π–ª–æ–≤}
You may provide a definition with
\DeclareUnicodeCharacter 


! Package inputenc Error: Unicode character —Ñ (U+0444)
(inputenc)                not set up for use with LaTeX.

See the inputenc package documentation for explanation.
Type  H <return>  for immediate help.
 ...                                              
                                                  
l.1 ...∞—Ç—ã –≤—Ö–æ–¥–Ω—ã—Ö –∏ –≤—ã—Ö–æ–¥–Ω—ã—Ö —Ñ
                                                  –∞–π–ª–æ–≤}
You may provide a definition with
\DeclareUnicodeCharacter 


! Package inputenc Error: Unicode character –∞ (U+0430)
(inputenc)                not set up for use with LaTeX.

See the inputenc package documentation for explanation.
Type  H <return>  for immediate help.
 ...                                              
                                                  
l.1 ...Ç—ã –≤—Ö–æ–¥–Ω—ã—Ö –∏ –≤—ã—Ö–æ–¥–Ω—ã—Ö —Ñ–∞
                                                  –π–ª–æ–≤}
You may provide a definition with
\DeclareUnicodeCharacter 


! Package inputenc Error: Unicode character –π (U+0439)
(inputenc)                not set up for use with LaTeX.

See the inputenc package documentation for explanation.
Type  H <return>  for immediate help.
 ...                                              
                                                  
l.1 ...ã –≤—Ö–æ–¥–Ω—ã—Ö –∏ –≤—ã—Ö–æ–¥–Ω—ã—Ö —Ñ–∞–π
                                                  –ª–æ–≤}
You may provide a definition with
\DeclareUnicodeCharacter 


! Package inputenc Error: Unicode character –ª (U+043B)
(inputenc)                not set up for use with LaTeX.

See the inputenc package documentation for explanation.
Type  H <return>  for immediate help.
 ...                                              
                                                  
l.1 ...–≤—Ö–æ–¥–Ω—ã—Ö –∏ –≤—ã—Ö–æ–¥–Ω—ã—Ö —Ñ–∞–π–ª
                                                  –æ–≤}
You may provide a definition with
\DeclareUnicodeCharacter 


! Package inputenc Error: Unicode character –æ (U+043E)
(inputenc)                not set up for use with LaTeX.

See the inputenc package documentation for explanation.
Type  H <return>  for immediate help.
 ...                                              
                                                  
l.1 ...—Ö–æ–¥–Ω—ã—Ö –∏ –≤—ã—Ö–æ–¥–Ω—ã—Ö —Ñ–∞–π–ª–æ
                                                  –≤}
You may provide a definition with
\DeclareUnicodeCharacter 


! Package inputenc Error: Unicode character –≤ (U+0432)
(inputenc)                not set up for use with LaTeX.

See the inputenc package documentation for explanation.
Type  H <return>  for immediate help.
 ...                                              
                                                  
l.1 ...–æ–¥–Ω—ã—Ö –∏ –≤—ã—Ö–æ–¥–Ω—ã—Ö —Ñ–∞–π–ª–æ–≤
                                                  }
You may provide a definition with
\DeclareUnicodeCharacter 


Overfull \hbox (20.0pt too wide) in paragraph at lines 1--2
[]
 []


! Package inputenc Error: Unicode character –í (U+0412)
(inputenc)                not set up for use with LaTeX.

See the inputenc package documentation for explanation.
Type  H <return>  for immediate help.
 ...                                              
                                                  
l.3 –í
      —Ö–æ–¥–Ω—ã–µ —Ñ–∞–π–ª—ã –¥–ª—è –±–∞–∑ –¥–∞–Ω–Ω—ã—Ö —Ö—Ä–∞–Ω—è—Ç—Å—è –≤...

You may provide a definition with
\DeclareUnicodeCharacter 


! Package inputenc Error: Unicode character —Ö (U+0445)
(inputenc)                not set up for use with LaTeX.

See the inputenc package documentation for explanation.
Type  H <return>  for immediate help.
 ...                                              
                                                  
l.3 –í—Ö
        –æ–¥–Ω—ã–µ —Ñ–∞–π–ª—ã –¥–ª—è –±–∞–∑ –¥–∞–Ω–Ω—ã—Ö —Ö—Ä–∞–Ω—è—Ç—Å—è –≤...

You may provide a definition with
\DeclareUnicodeCharacter 


! Package inputenc Error: Unicode character –æ (U+043E)
(inputenc)                not set up for use with LaTeX.

See the inputenc package documentation for explanation.
Type  H <return>  for immediate help.
 ...                                              
                                                  
l.3 –í—Ö–æ
          –¥–Ω—ã–µ —Ñ–∞–π–ª—ã –¥–ª—è –±–∞–∑ –¥–∞–Ω–Ω—ã—Ö —Ö—Ä–∞–Ω—è—Ç—Å—è –≤...

You may provide a definition with
\DeclareUnicodeCharacter 


! Package inputenc Error: Unicode character –¥ (U+0434)
(inputenc)                not set up for use with LaTeX.

See the inputenc package documentation for explanation.
Type  H <return>  for immediate help.
 ...                                              
                                                  
l.3 –í—Ö–æ–¥
            –Ω—ã–µ —Ñ–∞–π–ª—ã –¥–ª—è –±–∞–∑ –¥–∞–Ω–Ω—ã—Ö —Ö—Ä–∞–Ω—è—Ç—Å—è –≤...

You may provide a definition with
\DeclareUnicodeCharacter 


! Package inputenc Error: Unicode character –Ω (U+043D)
(inputenc)                not set up for use with LaTeX.

See the inputenc package documentation for explanation.
Type  H <return>  for immediate help.
 ...                                              
                                                  
l.3 –í—Ö–æ–¥–Ω
              —ã–µ —Ñ–∞–π–ª—ã –¥–ª—è –±–∞–∑ –¥–∞–Ω–Ω—ã—Ö —Ö—Ä–∞–Ω—è—Ç—Å—è –≤...

You may provide a definition with
\DeclareUnicodeCharacter 


! Package inputenc Error: Unicode character —ã (U+044B)
(inputenc)                not set up for use with LaTeX.

See the inputenc package documentation for explanation.
Type  H <return>  for immediate help.
 ...                                              
                                                  
l.3 –í—Ö–æ–¥–Ω—ã
                –µ —Ñ–∞–π–ª—ã –¥–ª—è –±–∞–∑ –¥–∞–Ω–Ω—ã—Ö —Ö—Ä–∞–Ω—è—Ç—Å—è –≤...

You may provide a definition with
\DeclareUnicodeCharacter 


! Package inputenc Error: Unicode character –µ (U+0435)
(inputenc)                not set up for use with LaTeX.

See the inputenc package documentation for explanation.
Type  H <return>  for immediate help.
 ...                                              
                                                  
l.3 –í—Ö–æ–¥–Ω—ã–µ
                   —Ñ–∞–π–ª—ã –¥–ª—è –±–∞–∑ –¥–∞–Ω–Ω—ã—Ö —Ö—Ä–∞–Ω—è—Ç—Å—è –≤...

You may provide a definition with
\DeclareUnicodeCharacter 


! Package inputenc Error: Unicode character —Ñ (U+0444)
(inputenc)                not set up for use with LaTeX.

See the inputenc package documentation for explanation.
Type  H <return>  for immediate help.
 ...                                              
                                                  
l.3 –í—Ö–æ–¥–Ω—ã–µ —Ñ
                     –∞–π–ª—ã –¥–ª—è –±–∞–∑ –¥–∞–Ω–Ω—ã—Ö —Ö—Ä–∞–Ω—è—Ç—Å—è –≤...

You may provide a definition with
\DeclareUnicodeCharacter 


! Package inputenc Error: Unicode character –∞ (U+0430)
(inputenc)                not set up for use with LaTeX.

See the inputenc package documentation for explanation.
Type  H <return>  for immediate help.
 ...                                              
                                                  
l.3 –í—Ö–æ–¥–Ω—ã–µ —Ñ–∞
                       –π–ª—ã –¥–ª—è –±–∞–∑ –¥–∞–Ω–Ω—ã—Ö —Ö—Ä–∞–Ω—è—Ç—Å—è –≤...

You may provide a definition with
\DeclareUnicodeCharacter 


! Package inputenc Error: Unicode character –π (U+0439)
(inputenc)                not set up for use with LaTeX.

See the inputenc package documentation for explanation.
Type  H <return>  for immediate help.
 ...                                              
                                                  
l.3 –í—Ö–æ–¥–Ω—ã–µ —Ñ–∞–π
                         –ª—ã –¥–ª—è –±–∞–∑ –¥–∞–Ω–Ω—ã—Ö —Ö—Ä–∞–Ω—è—Ç—Å—è –≤...

You may provide a definition with
\DeclareUnicodeCharacter 


! Package inputenc Error: Unicode character –ª (U+043B)
(inputenc)                not set up for use with LaTeX.

See the inputenc package documentation for explanation.
Type  H <return>  for immediate help.
 ...                                              
                                                  
l.3 –í—Ö–æ–¥–Ω—ã–µ —Ñ–∞–π–ª
                           —ã –¥–ª—è –±–∞–∑ –¥–∞–Ω–Ω—ã—Ö —Ö—Ä–∞–Ω—è—Ç—Å—è –≤...

You may provide a definition with
\DeclareUnicodeCharacter 


! Package inputenc Error: Unicode character —ã (U+044B)
(inputenc)                not set up for use with LaTeX.

See the inputenc package documentation for explanation.
Type  H <return>  for immediate help.
 ...                                              
                                                  
l.3 –í—Ö–æ–¥–Ω—ã–µ —Ñ–∞–π–ª—ã
                              –¥–ª—è –±–∞–∑ –¥–∞–Ω–Ω—ã—Ö —Ö—Ä–∞–Ω—è—Ç—Å—è –≤...

You may provide a definition with
\DeclareUnicodeCharacter 


! Package inputenc Error: Unicode character –¥ (U+0434)
(inputenc)                not set up for use with LaTeX.

See the inputenc package documentation for explanation.
Type  H <return>  for immediate help.
 ...                                              
                                                  
l.3 –í—Ö–æ–¥–Ω—ã–µ —Ñ–∞–π–ª—ã –¥
                                –ª—è –±–∞–∑ –¥–∞–Ω–Ω—ã—Ö —Ö—Ä–∞–Ω—è—Ç—Å—è –≤...

You may provide a definition with
\DeclareUnicodeCharacter 


! Package inputenc Error: Unicode character –ª (U+043B)
(inputenc)                not set up for use with LaTeX.

See the inputenc package documentation for explanation.
Type  H <return>  for immediate help.
 ...                                              
                                                  
l.3 –í—Ö–æ–¥–Ω—ã–µ —Ñ–∞–π–ª—ã –¥–ª
                                  —è –±–∞–∑ –¥–∞–Ω–Ω—ã—Ö —Ö—Ä–∞–Ω—è—Ç—Å—è –≤...

You may provide a definition with
\DeclareUnicodeCharacter 


! Package inputenc Error: Unicode character —è (U+044F)
(inputenc)                not set up for use with LaTeX.

See the inputenc package documentation for explanation.
Type  H <return>  for immediate help.
 ...                                              
                                                  
l.3 –í—Ö–æ–¥–Ω—ã–µ —Ñ–∞–π–ª—ã –¥–ª—è
                                     –±–∞–∑ –¥–∞–Ω–Ω—ã—Ö —Ö—Ä–∞–Ω—è—Ç—Å—è –≤...

You may provide a definition with
\DeclareUnicodeCharacter 


! Package inputenc Error: Unicode character –± (U+0431)
(inputenc)                not set up for use with LaTeX.

See the inputenc package documentation for explanation.
Type  H <return>  for immediate help.
 ...                                              
                                                  
l.3 –í—Ö–æ–¥–Ω—ã–µ —Ñ–∞–π–ª—ã –¥–ª—è –±
                                       –∞–∑ –¥–∞–Ω–Ω—ã—Ö —Ö—Ä–∞–Ω—è—Ç—Å—è –≤...

You may provide a definition with
\DeclareUnicodeCharacter 


! Package inputenc Error: Unicode character –∞ (U+0430)
(inputenc)                not set up for use with LaTeX.

See the inputenc package documentation for explanation.
Type  H <return>  for immediate help.
 ...                                              
                                                  
l.3 –í—Ö–æ–¥–Ω—ã–µ —Ñ–∞–π–ª—ã –¥–ª—è –±–∞
                                         –∑ –¥–∞–Ω–Ω—ã—Ö —Ö—Ä–∞–Ω—è—Ç—Å—è –≤...

You may provide a definition with
\DeclareUnicodeCharacter 


! Package inputenc Error: Unicode character –∑ (U+0437)
(inputenc)                not set up for use with LaTeX.

See the inputenc package documentation for explanation.
Type  H <return>  for immediate help.
 ...                                              
                                                  
l.3 –í—Ö–æ–¥–Ω—ã–µ —Ñ–∞–π–ª—ã –¥–ª—è –±–∞–∑
                                            –¥–∞–Ω–Ω—ã—Ö —Ö—Ä–∞–Ω—è—Ç—Å—è –≤...

You may provide a definition with
\DeclareUnicodeCharacter 


! Package inputenc Error: Unicode character –¥ (U+0434)
(inputenc)                not set up for use with LaTeX.

See the inputenc package documentation for explanation.
Type  H <return>  for immediate help.
 ...                                              
                                                  
l.3 –í—Ö–æ–¥–Ω—ã–µ —Ñ–∞–π–ª—ã –¥–ª—è –±–∞–∑ –¥
                                              –∞–Ω–Ω—ã—Ö —Ö—Ä–∞–Ω—è—Ç—Å—è –≤...

You may provide a definition with
\DeclareUnicodeCharacter 


! Package inputenc Error: Unicode character –∞ (U+0430)
(inputenc)                not set up for use with LaTeX.

See the inputenc package documentation for explanation.
Type  H <return>  for immediate help.
 ...                                              
                                                  
l.3 –í—Ö–æ–¥–Ω—ã–µ —Ñ–∞–π–ª—ã –¥–ª—è –±–∞–∑ –¥–∞
                                                –Ω–Ω—ã—Ö —Ö—Ä–∞–Ω—è—Ç—Å—è –≤...

You may provide a definition with
\DeclareUnicodeCharacter 


! Package inputenc Error: Unicode character –Ω (U+043D)
(inputenc)                not set up for use with LaTeX.

See the inputenc package documentation for explanation.
Type  H <return>  for immediate help.
 ...                                              
                                                  
l.3 –í—Ö–æ–¥–Ω—ã–µ —Ñ–∞–π–ª—ã –¥–ª—è –±–∞–∑ –¥–∞–Ω
                                                  –Ω—ã—Ö —Ö—Ä–∞–Ω—è—Ç—Å—è –≤...

You may provide a definition with
\DeclareUnicodeCharacter 


! Package inputenc Error: Unicode character –Ω (U+043D)
(inputenc)                not set up for use with LaTeX.

See the inputenc package documentation for explanation.
Type  H <return>  for immediate help.
 ...                                              
                                                  
l.3 ...æ–¥–Ω—ã–µ —Ñ–∞–π–ª—ã –¥–ª—è –±–∞–∑ –¥–∞–Ω–Ω
                                                  —ã—Ö —Ö—Ä–∞–Ω—è—Ç—Å—è –≤ —...

You may provide a definition with
\DeclareUnicodeCharacter 


! Package inputenc Error: Unicode character —ã (U+044B)
(inputenc)                not set up for use with LaTeX.

See the inputenc package documentation for explanation.
Type  H <return>  for immediate help.
 ...                                              
                                                  
l.3 ...¥–Ω—ã–µ —Ñ–∞–π–ª—ã –¥–ª—è –±–∞–∑ –¥–∞–Ω–Ω—ã
                                                  —Ö —Ö—Ä–∞–Ω—è—Ç—Å—è –≤ —Ñ–...

You may provide a definition with
\DeclareUnicodeCharacter 


! Package inputenc Error: Unicode character —Ö (U+0445)
(inputenc)                not set up for use with LaTeX.

See the inputenc package documentation for explanation.
Type  H <return>  for immediate help.
 ...                                              
                                                  
l.3 ...Ω—ã–µ —Ñ–∞–π–ª—ã –¥–ª—è –±–∞–∑ –¥–∞–Ω–Ω—ã—Ö
                                                   —Ö—Ä–∞–Ω—è—Ç—Å—è –≤ —Ñ–æ—...

You may provide a definition with
\DeclareUnicodeCharacter 


! Package inputenc Error: Unicode character —Ö (U+0445)
(inputenc)                not set up for use with LaTeX.

See the inputenc package documentation for explanation.
Type  H <return>  for immediate help.
 ...                                              
                                                  
l.3 ...–µ —Ñ–∞–π–ª—ã –¥–ª—è –±–∞–∑ –¥–∞–Ω–Ω—ã—Ö —Ö
                                                  —Ä–∞–Ω—è—Ç—Å—è –≤ —Ñ–æ—Ä–º...

You may provide a definition with
\DeclareUnicodeCharacter 


! Package inputenc Error: Unicode character —Ä (U+0440)
(inputenc)                not set up for use with LaTeX.

See the inputenc package documentation for explanation.
Type  H <return>  for immediate help.
 ...                                              
                                                  
l.3 ... —Ñ–∞–π–ª—ã –¥–ª—è –±–∞–∑ –¥–∞–Ω–Ω—ã—Ö —Ö—Ä
                                                  –∞–Ω—è—Ç—Å—è –≤ —Ñ–æ—Ä–º–∞...

You may provide a definition with
\DeclareUnicodeCharacter 


! Package inputenc Error: Unicode character –∞ (U+0430)
(inputenc)                not set up for use with LaTeX.

See the inputenc package documentation for explanation.
Type  H <return>  for immediate help.
 ...                                              
                                                  
l.3 ...Ñ–∞–π–ª—ã –¥–ª—è –±–∞–∑ –¥–∞–Ω–Ω—ã—Ö —Ö—Ä–∞
                                                  –Ω—è—Ç—Å—è –≤ —Ñ–æ—Ä–º–∞—Ç...

You may provide a definition with
\DeclareUnicodeCharacter 


! Package inputenc Error: Unicode character –Ω (U+043D)
(inputenc)                not set up for use with LaTeX.

See the inputenc package documentation for explanation.
Type  H <return>  for immediate help.
 ...                                              
                                                  
l.3 ...∞–π–ª—ã –¥–ª—è –±–∞–∑ –¥–∞–Ω–Ω—ã—Ö —Ö—Ä–∞–Ω
                                                  —è—Ç—Å—è –≤ —Ñ–æ—Ä–º–∞—Ç–µ...

You may provide a definition with
\DeclareUnicodeCharacter 


! Package inputenc Error: Unicode character —è (U+044F)
(inputenc)                not set up for use with LaTeX.

See the inputenc package documentation for explanation.
Type  H <return>  for immediate help.
 ...                                              
                                                  
l.3 ...π–ª—ã –¥–ª—è –±–∞–∑ –¥–∞–Ω–Ω—ã—Ö —Ö—Ä–∞–Ω—è
                                                  —Ç—Å—è –≤ —Ñ–æ—Ä–º–∞—Ç–µ C...

You may provide a definition with
\DeclareUnicodeCharacter 


! Package inputenc Error: Unicode character —Ç (U+0442)
(inputenc)                not set up for use with LaTeX.

See the inputenc package documentation for explanation.
Type  H <return>  for immediate help.
 ...                                              
                                                  
l.3 ...ª—ã –¥–ª—è –±–∞–∑ –¥–∞–Ω–Ω—ã—Ö —Ö—Ä–∞–Ω—è—Ç
                                                  —Å—è –≤ —Ñ–æ—Ä–º–∞—Ç–µ CSV...

You may provide a definition with
\DeclareUnicodeCharacter 


! Package inputenc Error: Unicode character —Å (U+0441)
(inputenc)                not set up for use with LaTeX.

See the inputenc package documentation for explanation.
Type  H <return>  for immediate help.
 ...                                              
                                                  
l.3 ...ã –¥–ª—è –±–∞–∑ –¥–∞–Ω–Ω—ã—Ö —Ö—Ä–∞–Ω—è—Ç—Å
                                                  —è –≤ —Ñ–æ—Ä–º–∞—Ç–µ CSV (...

You may provide a definition with
\DeclareUnicodeCharacter 


! Package inputenc Error: Unicode character —è (U+044F)
(inputenc)                not set up for use with LaTeX.

See the inputenc package documentation for explanation.
Type  H <return>  for immediate help.
 ...                                              
                                                  
l.3 ...–¥–ª—è –±–∞–∑ –¥–∞–Ω–Ω—ã—Ö —Ö—Ä–∞–Ω—è—Ç—Å—è
                                                   –≤ —Ñ–æ—Ä–º–∞—Ç–µ CSV (Co...

You may provide a definition with
\DeclareUnicodeCharacter 


! Package inputenc Error: Unicode character –≤ (U+0432)
(inputenc)                not set up for use with LaTeX.

See the inputenc package documentation for explanation.
Type  H <return>  for immediate help.
 ...                                              
                                                  
l.3 ...ª—è –±–∞–∑ –¥–∞–Ω–Ω—ã—Ö —Ö—Ä–∞–Ω—è—Ç—Å—è –≤
                                                   —Ñ–æ—Ä–º–∞—Ç–µ CSV (Comma...

You may provide a definition with
\DeclareUnicodeCharacter 


! Package inputenc Error: Unicode character —Ñ (U+0444)
(inputenc)                not set up for use with LaTeX.

See the inputenc package documentation for explanation.
Type  H <return>  for immediate help.
 ...                                              
                                                  
l.3 ... –±–∞–∑ –¥–∞–Ω–Ω—ã—Ö —Ö—Ä–∞–Ω—è—Ç—Å—è –≤ —Ñ
                                                  –æ—Ä–º–∞—Ç–µ CSV (Comma Se...

You may provide a definition with
\DeclareUnicodeCharacter 


! Package inputenc Error: Unicode character –æ (U+043E)
(inputenc)                not set up for use with LaTeX.

See the inputenc package documentation for explanation.
Type  H <return>  for immediate help.
 ...                                              
                                                  
l.3 ...±–∞–∑ –¥–∞–Ω–Ω—ã—Ö —Ö—Ä–∞–Ω—è—Ç—Å—è –≤ —Ñ–æ
                                                  —Ä–º–∞—Ç–µ CSV (Comma Sepa...

You may provide a definition with
\DeclareUnicodeCharacter 


! Package inputenc Error: Unicode character —Ä (U+0440)
(inputenc)                not set up for use with LaTeX.

See the inputenc package documentation for explanation.
Type  H <return>  for immediate help.
 ...                                              
                                                  
l.3 ...∞–∑ –¥–∞–Ω–Ω—ã—Ö —Ö—Ä–∞–Ω—è—Ç—Å—è –≤ —Ñ–æ—Ä
                                                  –º–∞—Ç–µ CSV (Comma Separa...

You may provide a definition with
\DeclareUnicodeCharacter 


! Package inputenc Error: Unicode character –º (U+043C)
(inputenc)                not set up for use with LaTeX.

See the inputenc package documentation for explanation.
Type  H <return>  for immediate help.
 ...                                              
                                                  
l.3 ...∑ –¥–∞–Ω–Ω—ã—Ö —Ö—Ä–∞–Ω—è—Ç—Å—è –≤ —Ñ–æ—Ä–º
                                                  –∞—Ç–µ CSV (Comma Separate...

You may provide a definition with
\DeclareUnicodeCharacter 


! Package inputenc Error: Unicode character –∞ (U+0430)
(inputenc)                not set up for use with LaTeX.

See the inputenc package documentation for explanation.
Type  H <return>  for immediate help.
 ...                                              
                                                  
l.3 ...–¥–∞–Ω–Ω—ã—Ö —Ö—Ä–∞–Ω—è—Ç—Å—è –≤ —Ñ–æ—Ä–º–∞
                                                  —Ç–µ CSV (Comma Separated ...

You may provide a definition with
\DeclareUnicodeCharacter 


! Package inputenc Error: Unicode character —Ç (U+0442)
(inputenc)                not set up for use with LaTeX.

See the inputenc package documentation for explanation.
Type  H <return>  for immediate help.
 ...                                              
                                                  
l.3 ...–∞–Ω–Ω—ã—Ö —Ö—Ä–∞–Ω—è—Ç—Å—è –≤ —Ñ–æ—Ä–º–∞—Ç
                                                  –µ CSV (Comma Separated Va...

You may provide a definition with
\DeclareUnicodeCharacter 


! Package inputenc Error: Unicode character –µ (U+0435)
(inputenc)                not set up for use with LaTeX.

See the inputenc package documentation for explanation.
Type  H <return>  for immediate help.
 ...                                              
                                                  
l.3 ...–Ω–Ω—ã—Ö —Ö—Ä–∞–Ω—è—Ç—Å—è –≤ —Ñ–æ—Ä–º–∞—Ç–µ
                                                   CSV (Comma Separated Valu...

You may provide a definition with
\DeclareUnicodeCharacter 


! LaTeX Error: Missing \begin{document}.

See the LaTeX manual or LaTeX Companion for explanation.
Type  H <return>  for immediate help.
 ...                                              
                                                  
l.3 ...–Ω—ã—Ö —Ö—Ä–∞–Ω—è—Ç—Å—è –≤ —Ñ–æ—Ä–º–∞—Ç–µ C
                                                  SV (Comma Separated Values...

You're in trouble here.  Try typing  <return>  to proceed.
If that doesn't work, type  X <return>  to quit.

Missing character: There is no C in font nullfont!
Missing character: There is no S in font nullfont!
Missing character: There is no V in font nullfont!
Missing character: There is no ( in font nullfont!
Missing character: There is no C in font nullfont!
Missing character: There is no o in font nullfont!
Missing character: There is no m in font nullfont!
Missing character: There is no m in font nullfont!
Missing character: There is no a in font nullfont!
Missing character: There is no S in font nullfont!
Missing character: There is no e in font nullfont!
Missing character: There is no p in font nullfont!
Missing character: There is no a in font nullfont!
Missing character: There is no r in font nullfont!
Missing character: There is no a in font nullfont!
Missing character: There is no t in font nullfont!
Missing character: There is no e in font nullfont!
Missing character: There is no d in font nullfont!
Missing character: There is no V in font nullfont!
Missing character: There is no a in font nullfont!
Missing character: There is no l in font nullfont!
Missing character: There is no u in font nullfont!
Missing character: There is no e in font nullfont!
Missing character: There is no s in font nullfont!
Missing character: There is no ) in font nullfont!
Missing character: There is no [ in font nullfont!

! Package inputenc Error: Unicode character —Å (U+0441)
(inputenc)                not set up for use with LaTeX.

See the inputenc package documentation for explanation.
Type  H <return>  for immediate help.
 ...                                              
                                                  
l.3 ...—Ä–º–∞—Ç–µ CSV (Comma Separated Values) [—Å
                                                  —Å—ã–ª–∫–∞]. –í –∫–∞–∂–¥–æ...

You may provide a definition with
\DeclareUnicodeCharacter 


! Package inputenc Error: Unicode character —Å (U+0441)
(inputenc)                not set up for use with LaTeX.

See the inputenc package documentation for explanation.
Type  H <return>  for immediate help.
 ...                                              
                                                  
l.3 ...–º–∞—Ç–µ CSV (Comma Separated Values) [—Å—Å
                                                  —ã–ª–∫–∞]. –í –∫–∞–∂–¥–æ–º...

You may provide a definition with
\DeclareUnicodeCharacter 


! Package inputenc Error: Unicode character —ã (U+044B)
(inputenc)                not set up for use with LaTeX.

See the inputenc package documentation for explanation.
Type  H <return>  for immediate help.
 ...                                              
                                                  
l.3 ...–∞—Ç–µ CSV (Comma Separated Values) [—Å—Å—ã
                                                  –ª–∫–∞]. –í –∫–∞–∂–¥–æ–º —...

You may provide a definition with
\DeclareUnicodeCharacter 


! Package inputenc Error: Unicode character –ª (U+043B)
(inputenc)                not set up for use with LaTeX.

See the inputenc package documentation for explanation.
Type  H <return>  for immediate help.
 ...                                              
                                                  
l.3 ...—Ç–µ CSV (Comma Separated Values) [—Å—Å—ã–ª
                                                  –∫–∞]. –í –∫–∞–∂–¥–æ–º —Ñ–...

You may provide a definition with
\DeclareUnicodeCharacter 


! Package inputenc Error: Unicode character –∫ (U+043A)
(inputenc)                not set up for use with LaTeX.

See the inputenc package documentation for explanation.
Type  H <return>  for immediate help.
 ...                                              
                                                  
l.3 ...–µ CSV (Comma Separated Values) [—Å—Å—ã–ª–∫
                                                  –∞]. –í –∫–∞–∂–¥–æ–º —Ñ–∞–...

You may provide a definition with
\DeclareUnicodeCharacter 


! Package inputenc Error: Unicode character –∞ (U+0430)
(inputenc)                not set up for use with LaTeX.

See the inputenc package documentation for explanation.
Type  H <return>  for immediate help.
 ...                                              
                                                  
l.3 ... CSV (Comma Separated Values) [—Å—Å—ã–ª–∫–∞
                                                  ]. –í –∫–∞–∂–¥–æ–º —Ñ–∞–π–...

You may provide a definition with
\DeclareUnicodeCharacter 

Missing character: There is no ] in font nullfont!
Missing character: There is no . in font nullfont!

! Package inputenc Error: Unicode character –í (U+0412)
(inputenc)                not set up for use with LaTeX.

See the inputenc package documentation for explanation.
Type  H <return>  for immediate help.
 ...                                              
                                                  
l.3 ...(Comma Separated Values) [—Å—Å—ã–ª–∫–∞]. –í
                                                   –∫–∞–∂–¥–æ–º —Ñ–∞–π–ª–µ –...

You may provide a definition with
\DeclareUnicodeCharacter 


! Package inputenc Error: Unicode character –∫ (U+043A)
(inputenc)                not set up for use with LaTeX.

See the inputenc package documentation for explanation.
Type  H <return>  for immediate help.
 ...                                              
                                                  
l.3 ...mma Separated Values) [—Å—Å—ã–ª–∫–∞]. –í –∫
                                                  –∞–∂–¥–æ–º —Ñ–∞–π–ª–µ –ø—Ä...

You may provide a definition with
\DeclareUnicodeCharacter 


! Package inputenc Error: Unicode character –∞ (U+0430)
(inputenc)                not set up for use with LaTeX.

See the inputenc package documentation for explanation.
Type  H <return>  for immediate help.
 ...                                              
                                                  
l.3 ...a Separated Values) [—Å—Å—ã–ª–∫–∞]. –í –∫–∞
                                                  –∂–¥–æ–º —Ñ–∞–π–ª–µ –ø—Ä–∏...

You may provide a definition with
\DeclareUnicodeCharacter 


! Package inputenc Error: Unicode character –∂ (U+0436)
(inputenc)                not set up for use with LaTeX.

See the inputenc package documentation for explanation.
Type  H <return>  for immediate help.
 ...                                              
                                                  
l.3 ...Separated Values) [—Å—Å—ã–ª–∫–∞]. –í –∫–∞–∂
                                                  –¥–æ–º —Ñ–∞–π–ª–µ –ø—Ä–∏—Å...

You may provide a definition with
\DeclareUnicodeCharacter 


! Package inputenc Error: Unicode character –¥ (U+0434)
(inputenc)                not set up for use with LaTeX.

See the inputenc package documentation for explanation.
Type  H <return>  for immediate help.
 ...                                              
                                                  
l.3 ...parated Values) [—Å—Å—ã–ª–∫–∞]. –í –∫–∞–∂–¥
                                                  –æ–º —Ñ–∞–π–ª–µ –ø—Ä–∏—Å—É...

You may provide a definition with
\DeclareUnicodeCharacter 


! Package inputenc Error: Unicode character –æ (U+043E)
(inputenc)                not set up for use with LaTeX.

See the inputenc package documentation for explanation.
Type  H <return>  for immediate help.
 ...                                              
                                                  
l.3 ...rated Values) [—Å—Å—ã–ª–∫–∞]. –í –∫–∞–∂–¥–æ
                                                  –º —Ñ–∞–π–ª–µ –ø—Ä–∏—Å—É—Ç...

You may provide a definition with
\DeclareUnicodeCharacter 


! Package inputenc Error: Unicode character –º (U+043C)
(inputenc)                not set up for use with LaTeX.

See the inputenc package documentation for explanation.
Type  H <return>  for immediate help.
 ...                                              
                                                  
l.3 ...ted Values) [—Å—Å—ã–ª–∫–∞]. –í –∫–∞–∂–¥–æ–º
                                                   —Ñ–∞–π–ª–µ –ø—Ä–∏—Å—É—Ç—Å...

You may provide a definition with
\DeclareUnicodeCharacter 


! Package inputenc Error: Unicode character —Ñ (U+0444)
(inputenc)                not set up for use with LaTeX.

See the inputenc package documentation for explanation.
Type  H <return>  for immediate help.
 ...                                              
                                                  
l.3 ... Values) [—Å—Å—ã–ª–∫–∞]. –í –∫–∞–∂–¥–æ–º —Ñ
                                                  –∞–π–ª–µ –ø—Ä–∏—Å—É—Ç—Å—Ç–...

You may provide a definition with
\DeclareUnicodeCharacter 


! Package inputenc Error: Unicode character –∞ (U+0430)
(inputenc)                not set up for use with LaTeX.

See the inputenc package documentation for explanation.
Type  H <return>  for immediate help.
 ...                                              
                                                  
l.3 ...alues) [—Å—Å—ã–ª–∫–∞]. –í –∫–∞–∂–¥–æ–º —Ñ–∞
                                                  –π–ª–µ –ø—Ä–∏—Å—É—Ç—Å—Ç–≤—...

You may provide a definition with
\DeclareUnicodeCharacter 


! Package inputenc Error: Unicode character –π (U+0439)
(inputenc)                not set up for use with LaTeX.

See the inputenc package documentation for explanation.
Type  H <return>  for immediate help.
 ...                                              
                                                  
l.3 ...ues) [—Å—Å—ã–ª–∫–∞]. –í –∫–∞–∂–¥–æ–º —Ñ–∞–π
                                                  –ª–µ –ø—Ä–∏—Å—É—Ç—Å—Ç–≤—É–...

You may provide a definition with
\DeclareUnicodeCharacter 


! Package inputenc Error: Unicode character –ª (U+043B)
(inputenc)                not set up for use with LaTeX.

See the inputenc package documentation for explanation.
Type  H <return>  for immediate help.
 ...                                              
                                                  
l.3 ...s) [—Å—Å—ã–ª–∫–∞]. –í –∫–∞–∂–¥–æ–º —Ñ–∞–π–ª
                                                  –µ –ø—Ä–∏—Å—É—Ç—Å—Ç–≤—É–µ—...

You may provide a definition with
\DeclareUnicodeCharacter 


! Package inputenc Error: Unicode character –µ (U+0435)
(inputenc)                not set up for use with LaTeX.

See the inputenc package documentation for explanation.
Type  H <return>  for immediate help.
 ...                                              
                                                  
l.3 ... [—Å—Å—ã–ª–∫–∞]. –í –∫–∞–∂–¥–æ–º —Ñ–∞–π–ª–µ
                                                   –ø—Ä–∏—Å—É—Ç—Å—Ç–≤—É–µ—Ç ...

You may provide a definition with
\DeclareUnicodeCharacter 


! Package inputenc Error: Unicode character –ø (U+043F)
(inputenc)                not set up for use with LaTeX.

See the inputenc package documentation for explanation.
Type  H <return>  for immediate help.
 ...                                              
                                                  
l.3 ...Å—Å—ã–ª–∫–∞]. –í –∫–∞–∂–¥–æ–º —Ñ–∞–π–ª–µ –ø
                                                  —Ä–∏—Å—É—Ç—Å—Ç–≤—É–µ—Ç –∑–...

You may provide a definition with
\DeclareUnicodeCharacter 


! Package inputenc Error: Unicode character —Ä (U+0440)
(inputenc)                not set up for use with LaTeX.

See the inputenc package documentation for explanation.
Type  H <return>  for immediate help.
 ...                                              
                                                  
l.3 ...Å—ã–ª–∫–∞]. –í –∫–∞–∂–¥–æ–º —Ñ–∞–π–ª–µ –ø—Ä
                                                  –∏—Å—É—Ç—Å—Ç–≤—É–µ—Ç –∑–∞–...

You may provide a definition with
\DeclareUnicodeCharacter 


! Package inputenc Error: Unicode character –∏ (U+0438)
(inputenc)                not set up for use with LaTeX.

See the inputenc package documentation for explanation.
Type  H <return>  for immediate help.
 ...                                              
                                                  
l.3 ...ã–ª–∫–∞]. –í –∫–∞–∂–¥–æ–º —Ñ–∞–π–ª–µ –ø—Ä–∏
                                                  —Å—É—Ç—Å—Ç–≤—É–µ—Ç –∑–∞–≥–...

You may provide a definition with
\DeclareUnicodeCharacter 


! Package inputenc Error: Unicode character —Å (U+0441)
(inputenc)                not set up for use with LaTeX.

See the inputenc package documentation for explanation.
Type  H <return>  for immediate help.
 ...                                              
                                                  
l.3 ...ª–∫–∞]. –í –∫–∞–∂–¥–æ–º —Ñ–∞–π–ª–µ –ø—Ä–∏—Å
                                                  —É—Ç—Å—Ç–≤—É–µ—Ç –∑–∞–≥–æ–...

You may provide a definition with
\DeclareUnicodeCharacter 


! Package inputenc Error: Unicode character —É (U+0443)
(inputenc)                not set up for use with LaTeX.

See the inputenc package documentation for explanation.
Type  H <return>  for immediate help.
 ...                                              
                                                  
l.3 ...∫–∞]. –í –∫–∞–∂–¥–æ–º —Ñ–∞–π–ª–µ –ø—Ä–∏—Å—É
                                                  —Ç—Å—Ç–≤—É–µ—Ç –∑–∞–≥–æ–ª–...

You may provide a definition with
\DeclareUnicodeCharacter 


! Package inputenc Error: Unicode character —Ç (U+0442)
(inputenc)                not set up for use with LaTeX.

See the inputenc package documentation for explanation.
Type  H <return>  for immediate help.
 ...                                              
                                                  
l.3 ...∞]. –í –∫–∞–∂–¥–æ–º —Ñ–∞–π–ª–µ –ø—Ä–∏—Å—É—Ç
                                                  —Å—Ç–≤—É–µ—Ç –∑–∞–≥–æ–ª–æ–...

You may provide a definition with
\DeclareUnicodeCharacter 


! Package inputenc Error: Unicode character —Å (U+0441)
(inputenc)                not set up for use with LaTeX.

See the inputenc package documentation for explanation.
Type  H <return>  for immediate help.
 ...                                              
                                                  
l.3 .... –í –∫–∞–∂–¥–æ–º —Ñ–∞–π–ª–µ –ø—Ä–∏—Å—É—Ç—Å
                                                  —Ç–≤—É–µ—Ç –∑–∞–≥–æ–ª–æ–≤–...

You may provide a definition with
\DeclareUnicodeCharacter 


! Package inputenc Error: Unicode character —Ç (U+0442)
(inputenc)                not set up for use with LaTeX.

See the inputenc package documentation for explanation.
Type  H <return>  for immediate help.
 ...                                              
                                                  
l.3 ...–í –∫–∞–∂–¥–æ–º —Ñ–∞–π–ª–µ –ø—Ä–∏—Å—É—Ç—Å—Ç
                                                  –≤—É–µ—Ç –∑–∞–≥–æ–ª–æ–≤–æ—...

You may provide a definition with
\DeclareUnicodeCharacter 


! Package inputenc Error: Unicode character –≤ (U+0432)
(inputenc)                not set up for use with LaTeX.

See the inputenc package documentation for explanation.
Type  H <return>  for immediate help.
 ...                                              
                                                  
l.3 ... –∫–∞–∂–¥–æ–º —Ñ–∞–π–ª–µ –ø—Ä–∏—Å—É—Ç—Å—Ç–≤
                                                  —É–µ—Ç –∑–∞–≥–æ–ª–æ–≤–æ—á–...

You may provide a definition with
\DeclareUnicodeCharacter 


! Package inputenc Error: Unicode character —É (U+0443)
(inputenc)                not set up for use with LaTeX.

See the inputenc package documentation for explanation.
Type  H <return>  for immediate help.
 ...                                              
                                                  
l.3 ...∫–∞–∂–¥–æ–º —Ñ–∞–π–ª–µ –ø—Ä–∏—Å—É—Ç—Å—Ç–≤—É
                                                  –µ—Ç –∑–∞–≥–æ–ª–æ–≤–æ—á–Ω–...

You may provide a definition with
\DeclareUnicodeCharacter 


! Package inputenc Error: Unicode character –µ (U+0435)
(inputenc)                not set up for use with LaTeX.

See the inputenc package documentation for explanation.
Type  H <return>  for immediate help.
 ...                                              
                                                  
l.3 ...∞–∂–¥–æ–º —Ñ–∞–π–ª–µ –ø—Ä–∏—Å—É—Ç—Å—Ç–≤—É–µ
                                                  —Ç –∑–∞–≥–æ–ª–æ–≤–æ—á–Ω–∞—...

You may provide a definition with
\DeclareUnicodeCharacter 


! Package inputenc Error: Unicode character —Ç (U+0442)
(inputenc)                not set up for use with LaTeX.

See the inputenc package documentation for explanation.
Type  H <return>  for immediate help.
 ...                                              
                                                  
l.3 ...∂–¥–æ–º —Ñ–∞–π–ª–µ –ø—Ä–∏—Å—É—Ç—Å—Ç–≤—É–µ—Ç
                                                   –∑–∞–≥–æ–ª–æ–≤–æ—á–Ω–∞—è ...

You may provide a definition with
\DeclareUnicodeCharacter 


! Package inputenc Error: Unicode character –∑ (U+0437)
(inputenc)                not set up for use with LaTeX.

See the inputenc package documentation for explanation.
Type  H <return>  for immediate help.
 ...                                              
                                                  
l.3 ...–æ–º —Ñ–∞–π–ª–µ –ø—Ä–∏—Å—É—Ç—Å—Ç–≤—É–µ—Ç –∑
                                                  –∞–≥–æ–ª–æ–≤–æ—á–Ω–∞—è —Å—...

You may provide a definition with
\DeclareUnicodeCharacter 


! Package inputenc Error: Unicode character –∞ (U+0430)
(inputenc)                not set up for use with LaTeX.

See the inputenc package documentation for explanation.
Type  H <return>  for immediate help.
 ...                                              
                                                  
l.3 ...–º —Ñ–∞–π–ª–µ –ø—Ä–∏—Å—É—Ç—Å—Ç–≤—É–µ—Ç –∑–∞
                                                  –≥–æ–ª–æ–≤–æ—á–Ω–∞—è —Å—Ç—...

You may provide a definition with
\DeclareUnicodeCharacter 


! Package inputenc Error: Unicode character –≥ (U+0433)
(inputenc)                not set up for use with LaTeX.

See the inputenc package documentation for explanation.
Type  H <return>  for immediate help.
 ...                                              
                                                  
l.3 ... —Ñ–∞–π–ª–µ –ø—Ä–∏—Å—É—Ç—Å—Ç–≤—É–µ—Ç –∑–∞–≥
                                                  –æ–ª–æ–≤–æ—á–Ω–∞—è —Å—Ç—Ä–...

You may provide a definition with
\DeclareUnicodeCharacter 


! Package inputenc Error: Unicode character –æ (U+043E)
(inputenc)                not set up for use with LaTeX.

See the inputenc package documentation for explanation.
Type  H <return>  for immediate help.
 ...                                              
                                                  
l.3 ...Ñ–∞–π–ª–µ –ø—Ä–∏—Å—É—Ç—Å—Ç–≤—É–µ—Ç –∑–∞–≥–æ
                                                  –ª–æ–≤–æ—á–Ω–∞—è —Å—Ç—Ä–æ–...

You may provide a definition with
\DeclareUnicodeCharacter 


! Package inputenc Error: Unicode character –ª (U+043B)
(inputenc)                not set up for use with LaTeX.

See the inputenc package documentation for explanation.
Type  H <return>  for immediate help.
 ...                                              
                                                  
l.3 ...∞–π–ª–µ –ø—Ä–∏—Å—É—Ç—Å—Ç–≤—É–µ—Ç –∑–∞–≥–æ–ª
                                                  –æ–≤–æ—á–Ω–∞—è —Å—Ç—Ä–æ–∫–...

You may provide a definition with
\DeclareUnicodeCharacter 


! Package inputenc Error: Unicode character –æ (U+043E)
(inputenc)                not set up for use with LaTeX.

See the inputenc package documentation for explanation.
Type  H <return>  for immediate help.
 ...                                              
                                                  
l.3 ...π–ª–µ –ø—Ä–∏—Å—É—Ç—Å—Ç–≤—É–µ—Ç –∑–∞–≥–æ–ª–æ
                                                  –≤–æ—á–Ω–∞—è —Å—Ç—Ä–æ–∫–∞,...

You may provide a definition with
\DeclareUnicodeCharacter 


! Package inputenc Error: Unicode character –≤ (U+0432)
(inputenc)                not set up for use with LaTeX.

See the inputenc package documentation for explanation.
Type  H <return>  for immediate help.
 ...                                              
                                                  
l.3 ...ª–µ –ø—Ä–∏—Å—É—Ç—Å—Ç–≤—É–µ—Ç –∑–∞–≥–æ–ª–æ–≤
                                                  –æ—á–Ω–∞—è —Å—Ç—Ä–æ–∫–∞, –...

You may provide a definition with
\DeclareUnicodeCharacter 


! Package inputenc Error: Unicode character –æ (U+043E)
(inputenc)                not set up for use with LaTeX.

See the inputenc package documentation for explanation.
Type  H <return>  for immediate help.
 ...                                              
                                                  
l.3 ...µ –ø—Ä–∏—Å—É—Ç—Å—Ç–≤—É–µ—Ç –∑–∞–≥–æ–ª–æ–≤–æ
                                                  —á–Ω–∞—è —Å—Ç—Ä–æ–∫–∞, –ø–...

You may provide a definition with
\DeclareUnicodeCharacter 


! Package inputenc Error: Unicode character —á (U+0447)
(inputenc)                not set up for use with LaTeX.

See the inputenc package documentation for explanation.
Type  H <return>  for immediate help.
 ...                                              
                                                  
l.3 ...–ø—Ä–∏—Å—É—Ç—Å—Ç–≤—É–µ—Ç –∑–∞–≥–æ–ª–æ–≤–æ—á
                                                  –Ω–∞—è —Å—Ç—Ä–æ–∫–∞, –ø–æ–...

You may provide a definition with
\DeclareUnicodeCharacter 


! Package inputenc Error: Unicode character –Ω (U+043D)
(inputenc)                not set up for use with LaTeX.

See the inputenc package documentation for explanation.
Type  H <return>  for immediate help.
 ...                                              
                                                  
l.3 ...—Ä–∏—Å—É—Ç—Å—Ç–≤—É–µ—Ç –∑–∞–≥–æ–ª–æ–≤–æ—á–Ω
                                                  –∞—è —Å—Ç—Ä–æ–∫–∞, –ø–æ–∫–...

You may provide a definition with
\DeclareUnicodeCharacter 


! Package inputenc Error: Unicode character –∞ (U+0430)
(inputenc)                not set up for use with LaTeX.

See the inputenc package documentation for explanation.
Type  H <return>  for immediate help.
 ...                                              
                                                  
l.3 ...–∏—Å—É—Ç—Å—Ç–≤—É–µ—Ç –∑–∞–≥–æ–ª–æ–≤–æ—á–Ω–∞
                                                  —è —Å—Ç—Ä–æ–∫–∞, –ø–æ–∫–∞–...

You may provide a definition with
\DeclareUnicodeCharacter 


! Package inputenc Error: Unicode character —è (U+044F)
(inputenc)                not set up for use with LaTeX.

See the inputenc package documentation for explanation.
Type  H <return>  for immediate help.
 ...                                              
                                                  
l.3 ...—Å—É—Ç—Å—Ç–≤—É–µ—Ç –∑–∞–≥–æ–ª–æ–≤–æ—á–Ω–∞—è
                                                   —Å—Ç—Ä–æ–∫–∞, –ø–æ–∫–∞–∑—...

You may provide a definition with
\DeclareUnicodeCharacter 


! Package inputenc Error: Unicode character —Å (U+0441)
(inputenc)                not set up for use with LaTeX.

See the inputenc package documentation for explanation.
Type  H <return>  for immediate help.
 ...                                              
                                                  
l.3 ...É—Ç—Å—Ç–≤—É–µ—Ç –∑–∞–≥–æ–ª–æ–≤–æ—á–Ω–∞—è —Å
                                                  —Ç—Ä–æ–∫–∞, –ø–æ–∫–∞–∑—ã–≤...

You may provide a definition with
\DeclareUnicodeCharacter 


! Package inputenc Error: Unicode character —Ç (U+0442)
(inputenc)                not set up for use with LaTeX.

See the inputenc package documentation for explanation.
Type  H <return>  for immediate help.
 ...                                              
                                                  
l.3 ...Ç—Å—Ç–≤—É–µ—Ç –∑–∞–≥–æ–ª–æ–≤–æ—á–Ω–∞—è —Å—Ç
                                                  —Ä–æ–∫–∞, –ø–æ–∫–∞–∑—ã–≤–∞...

You may provide a definition with
\DeclareUnicodeCharacter 


! Package inputenc Error: Unicode character —Ä (U+0440)
(inputenc)                not set up for use with LaTeX.

See the inputenc package documentation for explanation.
Type  H <return>  for immediate help.
 ...                                              
                                                  
l.3 ...Å—Ç–≤—É–µ—Ç –∑–∞–≥–æ–ª–æ–≤–æ—á–Ω–∞—è —Å—Ç—Ä
                                                  –æ–∫–∞, –ø–æ–∫–∞–∑—ã–≤–∞—é...

You may provide a definition with
\DeclareUnicodeCharacter 


! Package inputenc Error: Unicode character –æ (U+043E)
(inputenc)                not set up for use with LaTeX.

See the inputenc package documentation for explanation.
Type  H <return>  for immediate help.
 ...                                              
                                                  
l.3 ...Ç–≤—É–µ—Ç –∑–∞–≥–æ–ª–æ–≤–æ—á–Ω–∞—è —Å—Ç—Ä–æ
                                                  –∫–∞, –ø–æ–∫–∞–∑—ã–≤–∞—é—â...

You may provide a definition with
\DeclareUnicodeCharacter 


! Package inputenc Error: Unicode character –∫ (U+043A)
(inputenc)                not set up for use with LaTeX.

See the inputenc package documentation for explanation.
Type  H <return>  for immediate help.
 ...                                              
                                                  
l.3 ...≤—É–µ—Ç –∑–∞–≥–æ–ª–æ–≤–æ—á–Ω–∞—è —Å—Ç—Ä–æ–∫
                                                  –∞, –ø–æ–∫–∞–∑—ã–≤–∞—é—â–∞...

You may provide a definition with
\DeclareUnicodeCharacter 


! Package inputenc Error: Unicode character –∞ (U+0430)
(inputenc)                not set up for use with LaTeX.

See the inputenc package documentation for explanation.
Type  H <return>  for immediate help.
 ...                                              
                                                  
l.3 ...É–µ—Ç –∑–∞–≥–æ–ª–æ–≤–æ—á–Ω–∞—è —Å—Ç—Ä–æ–∫–∞
                                                  , –ø–æ–∫–∞–∑—ã–≤–∞—é—â–∞—è...

You may provide a definition with
\DeclareUnicodeCharacter 

Missing character: There is no , in font nullfont!

! Package inputenc Error: Unicode character –ø (U+043F)
(inputenc)                not set up for use with LaTeX.

See the inputenc package documentation for explanation.
Type  H <return>  for immediate help.
 ...                                              
                                                  
l.3 ...Ç –∑–∞–≥–æ–ª–æ–≤–æ—á–Ω–∞—è —Å—Ç—Ä–æ–∫–∞, –ø
                                                  –æ–∫–∞–∑—ã–≤–∞—é—â–∞—è –∫–...

You may provide a definition with
\DeclareUnicodeCharacter 


! Package inputenc Error: Unicode character –æ (U+043E)
(inputenc)                not set up for use with LaTeX.

See the inputenc package documentation for explanation.
Type  H <return>  for immediate help.
 ...                                              
                                                  
l.3 ...–∑–∞–≥–æ–ª–æ–≤–æ—á–Ω–∞—è —Å—Ç—Ä–æ–∫–∞, –ø–æ
                                                  –∫–∞–∑—ã–≤–∞—é—â–∞—è –∫–∞–...

You may provide a definition with
\DeclareUnicodeCharacter 


! Package inputenc Error: Unicode character –∫ (U+043A)
(inputenc)                not set up for use with LaTeX.

See the inputenc package documentation for explanation.
Type  H <return>  for immediate help.
 ...                                              
                                                  
l.3 ...–∞–≥–æ–ª–æ–≤–æ—á–Ω–∞—è —Å—Ç—Ä–æ–∫–∞, –ø–æ–∫
                                                  –∞–∑—ã–≤–∞—é—â–∞—è –∫–∞–∫–...

You may provide a definition with
\DeclareUnicodeCharacter 


! Package inputenc Error: Unicode character –∞ (U+0430)
(inputenc)                not set up for use with LaTeX.

See the inputenc package documentation for explanation.
Type  H <return>  for immediate help.
 ...                                              
                                                  
l.3 ...–≥–æ–ª–æ–≤–æ—á–Ω–∞—è —Å—Ç—Ä–æ–∫–∞, –ø–æ–∫–∞
                                                  –∑—ã–≤–∞—é—â–∞—è –∫–∞–∫–∏–...

You may provide a definition with
\DeclareUnicodeCharacter 


! Package inputenc Error: Unicode character –∑ (U+0437)
(inputenc)                not set up for use with LaTeX.

See the inputenc package documentation for explanation.
Type  H <return>  for immediate help.
 ...                                              
                                                  
l.3 ...–æ–ª–æ–≤–æ—á–Ω–∞—è —Å—Ç—Ä–æ–∫–∞, –ø–æ–∫–∞–∑
                                                  —ã–≤–∞—é—â–∞—è –∫–∞–∫–∏–µ ...

You may provide a definition with
\DeclareUnicodeCharacter 


! Package inputenc Error: Unicode character —ã (U+044B)
(inputenc)                not set up for use with LaTeX.

See the inputenc package documentation for explanation.
Type  H <return>  for immediate help.
 ...                                              
                                                  
l.3 ...–ª–æ–≤–æ—á–Ω–∞—è —Å—Ç—Ä–æ–∫–∞, –ø–æ–∫–∞–∑—ã
                                                  –≤–∞—é—â–∞—è –∫–∞–∫–∏–µ –¥...

You may provide a definition with
\DeclareUnicodeCharacter 


! Package inputenc Error: Unicode character –≤ (U+0432)
(inputenc)                not set up for use with LaTeX.

See the inputenc package documentation for explanation.
Type  H <return>  for immediate help.
 ...                                              
                                                  
l.3 ...–æ–≤–æ—á–Ω–∞—è —Å—Ç—Ä–æ–∫–∞, –ø–æ–∫–∞–∑—ã–≤
                                                  –∞—é—â–∞—è –∫–∞–∫–∏–µ –¥–∞...

You may provide a definition with
\DeclareUnicodeCharacter 


! Package inputenc Error: Unicode character –∞ (U+0430)
(inputenc)                not set up for use with LaTeX.

See the inputenc package documentation for explanation.
Type  H <return>  for immediate help.
 ...                                              
                                                  
l.3 ...–≤–æ—á–Ω–∞—è —Å—Ç—Ä–æ–∫–∞, –ø–æ–∫–∞–∑—ã–≤–∞
                                                  —é—â–∞—è –∫–∞–∫–∏–µ –¥–∞–Ω...

You may provide a definition with
\DeclareUnicodeCharacter 


! Package inputenc Error: Unicode character —é (U+044E)
(inputenc)                not set up for use with LaTeX.

See the inputenc package documentation for explanation.
Type  H <return>  for immediate help.
 ...                                              
                                                  
l.3 ...–æ—á–Ω–∞—è —Å—Ç—Ä–æ–∫–∞, –ø–æ–∫–∞–∑—ã–≤–∞—é
                                                  —â–∞—è –∫–∞–∫–∏–µ –¥–∞–Ω–Ω...

You may provide a definition with
\DeclareUnicodeCharacter 


! Package inputenc Error: Unicode character —â (U+0449)
(inputenc)                not set up for use with LaTeX.

See the inputenc package documentation for explanation.
Type  H <return>  for immediate help.
 ...                                              
                                                  
l.3 ...—á–Ω–∞—è —Å—Ç—Ä–æ–∫–∞, –ø–æ–∫–∞–∑—ã–≤–∞—é—â
                                                  –∞—è –∫–∞–∫–∏–µ –¥–∞–Ω–Ω—ã...

You may provide a definition with
\DeclareUnicodeCharacter 


! Package inputenc Error: Unicode character –∞ (U+0430)
(inputenc)                not set up for use with LaTeX.

See the inputenc package documentation for explanation.
Type  H <return>  for immediate help.
 ...                                              
                                                  
l.3 ...–Ω–∞—è —Å—Ç—Ä–æ–∫–∞, –ø–æ–∫–∞–∑—ã–≤–∞—é—â–∞
                                                  —è –∫–∞–∫–∏–µ –¥–∞–Ω–Ω—ã–µ...
(That makes 100 errors; please try again.) 
Here is how much of TeX's memory you used:
 46 strings out of 481239
 794 string characters out of 5920377
 236563 words of memory out of 5000000
 15413 multiletter control sequences out of 15000+600000
 532338 words of font info for 24 fonts, out of 8000000 for 9000
 1141 hyphenation exceptions out of 8191
 12i,0n,15p,355b,31s stack positions out of 5000i,500n,10000p,200000b,80000s

!  ==> Fatal error occurred, no output PDF file produced!
